<?xml version="1.0" encoding="UTF-8"?>
<!-- Generated by org.testng.reporters.JUnitXMLReporter -->
<testsuite ignored="0" hostname="DESKTOP-REJ8931" failures="0" tests="7" name="my test" time="14.661" errors="0" timestamp="2025-04-11T16:33:02 IST">
  <testcase classname="testngTutorial.OrangrHRMTest" name="Oprnapp" time="9.993"/>
  <testcase classname="testngTutorial.OrangrHRMTest" name="testLogo" time="3.155"/>
  <testcase classname="testngTutorial.OrangrHRMTest" name="testLogin" time="0.518"/>
  <testcase classname="testngTutorial.OrangrHRMTest" name="closeApp" time="0.738"/>
  <testcase classname="testngTutorial.MyApplication" name="startApp" time="0.003"/>
  <testcase classname="testngTutorial.MyApplication" name="loginApp" time="0.004"/>
  <testcase classname="testngTutorial.MyApplication" name="logOutApp" time="0.011"/>
</testsuite> <!-- my test -->
