<?xml version="1.0" encoding="UTF-8"?>
<!-- Generated by org.testng.reporters.JUnitReportReporter -->
<testsuite hostname="DESKTOP-REJ8931" failures="0" tests="3" name="testngTutorial.MyApplication2" time="21.207" errors="0" timestamp="2025-04-11T13:58:40 IST" skipped="0">
  <testcase classname="testngTutorial.MyApplication2" name="logOutApp" time="0.018"/>
  <testcase classname="testngTutorial.MyApplication2" name="startApp" time="20.197"/>
  <testcase classname="testngTutorial.MyApplication2" name="loginApp" time="0.992"/>
</testsuite> <!-- testngTutorial.MyApplication2 -->
