<?xml version="1.0" encoding="UTF-8"?>
<!-- Generated by org.testng.reporters.JUnitReportReporter -->
<testsuite hostname="DESKTOP-REJ8931" failures="0" tests="3" name="testngTutorial.MyApplication" time="0.018" errors="0" timestamp="2025-04-11T16:33:02 IST" skipped="0">
  <testcase classname="testngTutorial.MyApplication" name="loginApp" time="0.004"/>
  <testcase classname="testngTutorial.MyApplication" name="logOutApp" time="0.011"/>
  <testcase classname="testngTutorial.MyApplication" name="startApp" time="0.003"/>
</testsuite> <!-- testngTutorial.MyApplication -->
