<?xml version="1.0" encoding="UTF-8"?>
<!-- Generated by org.testng.reporters.JUnitReportReporter -->
<testsuite hostname="DESKTOP-REJ8931" failures="0" tests="4" name="testngTutorial.OrangrHRMTest" time="14.404" errors="0" timestamp="2025-04-11T16:33:02 IST" skipped="0">
  <testcase classname="testngTutorial.OrangrHRMTest" name="Oprnapp" time="9.993"/>
  <testcase classname="testngTutorial.OrangrHRMTest" name="testLogo" time="3.155"/>
  <testcase classname="testngTutorial.OrangrHRMTest" name="testLogin" time="0.518"/>
  <testcase classname="testngTutorial.OrangrHRMTest" name="closeApp" time="0.738"/>
</testsuite> <!-- testngTutorial.OrangrHRMTest -->
