<?xml version="1.0" encoding="UTF-8"?>
<!-- Generated by org.testng.reporters.JUnitXMLReporter -->
<testsuite ignored="0" hostname="DESKTOP-REJ8931" failures="0" tests="4" name="Test" time="18.543" errors="0" timestamp="2025-04-11T15:47:59 IST">
  <testcase classname="testngTutorial.OrangrHRMTest" name="Oprnapp" time="13.213"/>
  <testcase classname="testngTutorial.OrangrHRMTest" name="testLogo" time="3.159"/>
  <testcase classname="testngTutorial.OrangrHRMTest" name="testLogin" time="0.527"/>
  <testcase classname="testngTutorial.OrangrHRMTest" name="closeApp" time="1.417"/>
</testsuite> <!-- Test -->
