<?xml version="1.0" encoding="UTF-8"?>
<!-- Generated by org.testng.reporters.JUnitXMLReporter -->
<testsuite ignored="0" hostname="DESKTOP-REJ8931" failures="0" tests="4" name="Default test" time="19.578" errors="0" timestamp="2025-04-11T15:36:11 IST">
  <testcase classname="testngTutorial.OrangrHRMTest" name="Oprnapp" time="11.645"/>
  <testcase classname="testngTutorial.OrangrHRMTest" name="testLogo" time="4.243"/>
  <testcase classname="testngTutorial.OrangrHRMTest" name="testLogin" time="0.776"/>
  <testcase classname="testngTutorial.OrangrHRMTest" name="closeApp" time="2.68"/>
</testsuite> <!-- Default test -->
